{"level":"error","message":"Error: Not Found - /","timestamp":"2025-01-18T10:04:20.849Z"}
{"level":"error","message":"Error: Not Found - /","timestamp":"2025-01-18T10:04:33.928Z"}
{"level":"error","message":"Error: Cannot read properties of undefined (reading 'info')","timestamp":"2025-01-18T10:06:13.528Z"}
{"level":"error","message":"Error: Cannot read properties of undefined (reading 'info')","timestamp":"2025-01-18T10:09:00.710Z"}
{"level":"error","message":"Error: Cannot read properties of undefined (reading 'info')","timestamp":"2025-01-18T10:09:51.436Z"}
{"level":"error","message":"Error connecting to RTSP stream: RTSP connection failed","timestamp":"2025-01-18T10:12:18.567Z"}
{"level":"error","message":"Error in connectCamera: Failed to connect to the camera. Please check the provided details.","timestamp":"2025-01-18T10:12:18.568Z"}
{"level":"error","message":"Error: Failed to connect to the camera. Please check the provided details.","timestamp":"2025-01-18T10:12:18.568Z"}
{"level":"error","message":"Error connecting to RTSP stream: RTSP connection failed","timestamp":"2025-01-18T10:15:00.653Z"}
{"level":"error","message":"Error in connectCamera: Failed to connect to the camera. Please check the provided details.","timestamp":"2025-01-18T10:15:00.653Z"}
{"level":"error","message":"Error: Failed to connect to the camera. Please check the provided details.","timestamp":"2025-01-18T10:15:00.653Z"}
{"level":"error","message":"Error connecting to RTSP stream: RTSP connection failed","timestamp":"2025-01-18T15:39:58.383Z"}
{"level":"error","message":"Error in connectCamera: Failed to connect to the camera. Please check the provided details.","timestamp":"2025-01-18T15:39:58.383Z"}
{"level":"error","message":"Error: Failed to connect to the camera. Please check the provided details.","timestamp":"2025-01-18T15:39:58.383Z"}
{"level":"error","message":"FFmpeg error: ffmpeg version 7.1 Copyright (c) 2000-2024 the FFmpeg developers\n  built with Apple clang version 16.0.0 (clang-1600.0.26.4)\n  configuration: --prefix=/opt/homebrew/Cellar/ffmpeg/7.1_4 --enable-shared --enable-pthreads --enable-version3 --cc=clang --host-cflags= --host-ldflags='-Wl,-ld_classic' --enable-ffplay --enable-gnutls --enable-gpl --enable-libaom --enable-libaribb24 --enable-libbluray --enable-libdav1d --enable-libharfbuzz --enable-libjxl --enable-libmp3lame --enable-libopus --enable-librav1e --enable-librist --enable-librubberband --enable-libsnappy --enable-libsrt --enable-libssh --enable-libsvtav1 --enable-libtesseract --enable-libtheora --enable-libvidstab --enable-libvmaf --enable-libvorbis --enable-libvpx --enable-libwebp --enable-libx264 --enable-libx265 --enable-libxml2 --enable-libxvid --enable-lzma --enable-libfontconfig --enable-libfreetype --enable-frei0r --enable-libass --enable-libopencore-amrnb --enable-libopencore-amrwb --enable-libopenjpeg --enable-libspeex --enable-libsoxr --enable-libzmq --enable-libzimg --disable-libjack --disable-indev=jack --enable-videotoolbox --enable-audiotoolbox --enable-neon\n  libavutil      59. 39.100 / 59. 39.100\n  libavcodec     61. 19.100 / 61. 19.100\n  libavformat    61.  7.100 / 61.  7.100\n  libavdevice    61.  3.100 / 61.  3.100\n  libavfilter    10.  4.100 / 10.  4.100\n  libswscale      8.  3.100 /  8.  3.100\n  libswresample   5.  3.100 /  5.  3.100\n  libpostproc    58.  3.100 / 58.  3.100\n[in#0 @ 0x122e2f510] Error opening input: Server returned 400 Bad Request\nError opening input file rtsp://:@localhost:8554/test/.\nError opening input files: Server returned 400 Bad Request\n","timestamp":"2025-01-18T15:47:11.722Z"}
{"level":"error","message":"Error connecting to RTSP stream: RTSP connection failed","timestamp":"2025-01-18T15:47:11.722Z"}
{"level":"error","message":"Error in connectCamera: Failed to connect to the camera. Please check the provided details.","timestamp":"2025-01-18T15:47:11.723Z"}
{"level":"error","message":"Error: Failed to connect to the camera. Please check the provided details.","timestamp":"2025-01-18T15:47:11.723Z"}
{"level":"error","message":"FFmpeg error: ffmpeg version 7.1 Copyright (c) 2000-2024 the FFmpeg developers\n  built with Apple clang version 16.0.0 (clang-1600.0.26.4)\n  configuration: --prefix=/opt/homebrew/Cellar/ffmpeg/7.1_4 --enable-shared --enable-pthreads --enable-version3 --cc=clang --host-cflags= --host-ldflags='-Wl,-ld_classic' --enable-ffplay --enable-gnutls --enable-gpl --enable-libaom --enable-libaribb24 --enable-libbluray --enable-libdav1d --enable-libharfbuzz --enable-libjxl --enable-libmp3lame --enable-libopus --enable-librav1e --enable-librist --enable-librubberband --enable-libsnappy --enable-libsrt --enable-libssh --enable-libsvtav1 --enable-libtesseract --enable-libtheora --enable-libvidstab --enable-libvmaf --enable-libvorbis --enable-libvpx --enable-libwebp --enable-libx264 --enable-libx265 --enable-libxml2 --enable-libxvid --enable-lzma --enable-libfontconfig --enable-libfreetype --enable-frei0r --enable-libass --enable-libopencore-amrnb --enable-libopencore-amrwb --enable-libopenjpeg --enable-libspeex --enable-libsoxr --enable-libzmq --enable-libzimg --disable-libjack --disable-indev=jack --enable-videotoolbox --enable-audiotoolbox --enable-neon\n  libavutil      59. 39.100 / 59. 39.100\n  libavcodec     61. 19.100 / 61. 19.100\n  libavformat    61.  7.100 / 61.  7.100\n  libavdevice    61.  3.100 / 61.  3.100\n  libavfilter    10.  4.100 / 10.  4.100\n  libswscale      8.  3.100 /  8.  3.100\n  libswresample   5.  3.100 /  5.  3.100\n  libpostproc    58.  3.100 / 58.  3.100\n[in#0 @ 0x135620090] Error opening input: Server returned 400 Bad Request\nError opening input file rtsp://:@localhost:8554/test/.\nError opening input files: Server returned 400 Bad Request\n","timestamp":"2025-01-18T15:47:35.709Z"}
{"level":"error","message":"Error connecting to RTSP stream: RTSP connection failed","timestamp":"2025-01-18T15:47:35.709Z"}
{"level":"error","message":"Error in connectCamera: Failed to connect to the camera. Please check the provided details.","timestamp":"2025-01-18T15:47:35.709Z"}
{"level":"error","message":"Error: Failed to connect to the camera. Please check the provided details.","timestamp":"2025-01-18T15:47:35.709Z"}
{"level":"error","message":"FFmpeg error: ffmpeg version 7.1 Copyright (c) 2000-2024 the FFmpeg developers\n  built with Apple clang version 16.0.0 (clang-1600.0.26.4)\n  configuration: --prefix=/opt/homebrew/Cellar/ffmpeg/7.1_4 --enable-shared --enable-pthreads --enable-version3 --cc=clang --host-cflags= --host-ldflags='-Wl,-ld_classic' --enable-ffplay --enable-gnutls --enable-gpl --enable-libaom --enable-libaribb24 --enable-libbluray --enable-libdav1d --enable-libharfbuzz --enable-libjxl --enable-libmp3lame --enable-libopus --enable-librav1e --enable-librist --enable-librubberband --enable-libsnappy --enable-libsrt --enable-libssh --enable-libsvtav1 --enable-libtesseract --enable-libtheora --enable-libvidstab --enable-libvmaf --enable-libvorbis --enable-libvpx --enable-libwebp --enable-libx264 --enable-libx265 --enable-libxml2 --enable-libxvid --enable-lzma --enable-libfontconfig --enable-libfreetype --enable-frei0r --enable-libass --enable-libopencore-amrnb --enable-libopencore-amrwb --enable-libopenjpeg --enable-libspeex --enable-libsoxr --enable-libzmq --enable-libzimg --disable-libjack --disable-indev=jack --enable-videotoolbox --enable-audiotoolbox --enable-neon\n  libavutil      59. 39.100 / 59. 39.100\n  libavcodec     61. 19.100 / 61. 19.100\n  libavformat    61.  7.100 / 61.  7.100\n  libavdevice    61.  3.100 / 61.  3.100\n  libavfilter    10.  4.100 / 10.  4.100\n  libswscale      8.  3.100 /  8.  3.100\n  libswresample   5.  3.100 /  5.  3.100\n  libpostproc    58.  3.100 / 58.  3.100\n[rtsp @ 0x14e6164c0] method DESCRIBE failed: 404 Not Found\n[in#0 @ 0x14e616270] Error opening input: Server returned 404 Not Found\nError opening input file rtsp://localhost:8554/testsjh.\nError opening input files: Server returned 404 Not Found\n","timestamp":"2025-01-19T05:58:45.574Z"}
{"level":"error","message":"Error saving camera to DB: RTSP connection failed","timestamp":"2025-01-19T05:58:45.574Z"}
{"level":"error","message":"Error in connectCamera: Failed to save the camera. Please check the provided details.","timestamp":"2025-01-19T05:58:45.575Z"}
{"level":"error","message":"Error: Failed to save the camera. Please check the provided details.","timestamp":"2025-01-19T05:58:45.575Z"}
{"level":"error","message":"Error: Not Found - /api/camera/connect","timestamp":"2025-01-19T14:37:38.727Z"}
{"level":"error","message":"Error: Not Found - /api/camera/connect","timestamp":"2025-01-19T14:41:59.950Z"}
{"level":"error","message":"MongoDB Connection Error: connect ECONNREFUSED 127.0.0.1:27017, connect ECONNREFUSED ::1:27017","timestamp":"2025-01-24T06:07:53.608Z"}
{"level":"error","message":"MongoDB Connection Error: connect ECONNREFUSED 127.0.0.1:27017, connect ECONNREFUSED ::1:27017","timestamp":"2025-01-24T06:16:36.016Z"}
{"level":"error","message":"MongoDB Connection Error: connect ECONNREFUSED 127.0.0.1:27017, connect ECONNREFUSED ::1:27017","timestamp":"2025-01-24T06:21:05.791Z"}
